2026.03.09 05:41:30 INFO  Started: Metals version 1.6.6 in folders '/home/jxevara/FunctionalProject' for client Visual Studio Code 1.109.5.[0m
2026.03.09 05:41:30 INFO  Memory monitor started[0m
2026.03.09 05:41:30 WARN  Using H2 2.4.240 which is newer than the version Flyway has been verified with. The latest verified version of H2 is 2.3.232.[0m
2026.03.09 05:41:55 INFO  no build target found for /home/jxevara/FunctionalProject/final-project/src/main/scala/DataReport.scala. Using presentation compiler with project's scala-library version: 3.3.7[0m
2026.03.09 05:47:55 ERROR Failed to resolve Scala 3 presentation compiler for 3.3.7
java.util.concurrent.TimeoutException: Future timed out after [60 seconds]
	at scala.concurrent.Future$.timeoutError(Future.scala:581)
	at scala.concurrent.impl.Promise$DefaultPromise.tryAwait0(Promise.scala:258)
	at scala.concurrent.impl.Promise$DefaultPromise.result(Promise.scala:271)
	at scala.concurrent.Await$.$anonfun$result$1(package.scala:208)
	at scala.concurrent.BlockContext$DefaultBlockContext$.blockOn(BlockContext.scala:62)
	at scala.concurrent.Await$.result(package.scala:125)
	at scala.meta.internal.metals.MtagsResolver$Default.fetch$1(MtagsResolver.scala:174)
	at scala.meta.internal.metals.MtagsResolver$Default.fetch$1(MtagsResolver.scala:185)
	at scala.meta.internal.metals.MtagsResolver$Default.fetch$1(MtagsResolver.scala:185)
	at scala.meta.internal.metals.MtagsResolver$Default.fetch$1(MtagsResolver.scala:185)
	at scala.meta.internal.metals.MtagsResolver$Default.fetch$1(MtagsResolver.scala:185)
	at scala.meta.internal.metals.MtagsResolver$Default.fetch$1(MtagsResolver.scala:185)
	at scala.meta.internal.metals.MtagsResolver$Default.$anonfun$resolve$8(MtagsResolver.scala:228)
	at java.util.concurrent.ConcurrentHashMap.compute(ConcurrentHashMap.java:1916)
	at scala.meta.internal.metals.MtagsResolver$Default.resolve(MtagsResolver.scala:226)
	at scala.meta.internal.metals.MtagsResolver$Default.resolve(MtagsResolver.scala:127)
	at scala.meta.internal.metals.CompilerConfiguration$StandaloneCompiler.<init>(CompilerConfiguration.scala:56)
	at scala.meta.internal.metals.Compilers.$anonfun$fallbackCompiler$1(Compilers.scala:203)
	at com.google.common.cache.LocalCache$LoadingValueReference.compute(LocalCache.java:3590)
	at com.google.common.cache.LocalCache$Segment.compute(LocalCache.java:2263)
	at com.google.common.cache.LocalCache.compute(LocalCache.java:4230)
	at scala.meta.internal.metals.Compilers.fallbackCompiler(Compilers.scala:181)
	at scala.meta.internal.metals.Compilers.fromBuildTarget$1(Compilers.scala:1343)
	at scala.meta.internal.metals.Compilers.loadCompiler(Compilers.scala:1360)
	at scala.meta.internal.metals.Compilers.didChange(Compilers.scala:339)
	at scala.meta.internal.metals.MetalsLspService.didChange(MetalsLspService.scala:861)
	at scala.meta.internal.metals.ProjectMetalsLspService.didChange(ProjectMetalsLspService.scala:309)
	at scala.meta.internal.metals.WorkspaceLspService.didChange(WorkspaceLspService.scala:490)
	at scala.meta.metals.lsp.DelegatingScalaService.didChange(DelegatingScalaService.scala:46)
	at jdk.internal.reflect.NativeMethodAccessorImpl.invoke0(Native Method)
	at jdk.internal.reflect.NativeMethodAccessorImpl.invoke(NativeMethodAccessorImpl.java:77)
	at jdk.internal.reflect.DelegatingMethodAccessorImpl.invoke(DelegatingMethodAccessorImpl.java:43)
	at java.lang.reflect.Method.invoke(Method.java:569)
	at org.eclipse.lsp4j.jsonrpc.services.GenericEndpoint.lambda$recursiveFindRpcMethods$0(GenericEndpoint.java:65)
	at org.eclipse.lsp4j.jsonrpc.services.GenericEndpoint.notify(GenericEndpoint.java:160)
	at org.eclipse.lsp4j.jsonrpc.RemoteEndpoint.handleNotification(RemoteEndpoint.java:225)
	at org.eclipse.lsp4j.jsonrpc.RemoteEndpoint.consume(RemoteEndpoint.java:192)
	at org.eclipse.lsp4j.jsonrpc.json.StreamMessageProducer.handleMessage(StreamMessageProducer.java:189)
	at org.eclipse.lsp4j.jsonrpc.json.StreamMessageProducer.listen(StreamMessageProducer.java:97)
	at org.eclipse.lsp4j.jsonrpc.json.ConcurrentMessageProcessor.run(ConcurrentMessageProcessor.java:97)
	at java.util.concurrent.Executors$RunnableAdapter.call(Executors.java:539)
	at java.util.concurrent.FutureTask.run(FutureTask.java:264)
	at java.util.concurrent.ThreadPoolExecutor.runWorker(ThreadPoolExecutor.java:1136)
	at java.util.concurrent.ThreadPoolExecutor$Worker.run(ThreadPoolExecutor.java:635)
	at java.lang.Thread.run(Thread.java:840)
[0m
